<?xml version="1.0" encoding="UTF-8"?>
<!-- Generated by org.testng.reporters.JUnitXMLReporter -->
<testsuite hostname="DESKTOP-L2JFHC2" name="Default test" tests="3" failures="0" timestamp="30 Mar 2020 11:37:15 GMT" time="121.206" errors="0">
  <testcase name="landpagetest" time="4.454" classname="com.cts.test.Myaccountpagetest"/>
  <testcase name="titlecheck" time="0.134" classname="com.cts.test.Myaccountpagetest"/>
  <testcase name="logincheck" time="25.998" classname="com.cts.test.Myaccountpagetest"/>
</testsuite> <!-- Default test -->
